TN:
SF:src/index.js
FNF:0
FNH:0
LF:0
LH:0
BRF:0
BRH:0
end_of_record
TN:
SF:src/assets/metadata/index.js
FNF:0
FNH:0
LF:0
LH:0
BRF:0
BRH:0
end_of_record
TN:
SF:src/assets/metadata/apiVersions/index.js
FNF:0
FNH:0
LF:0
LH:0
BRF:0
BRH:0
end_of_record
TN:
SF:src/draw/KubernetesDrawer.js
FN:7,(anonymous_0)
FNF:1
FNH:1
FNDA:2,(anonymous_0)
DA:8,2
LF:1
LH:1
BRF:0
BRH:0
end_of_record
TN:
SF:src/lidy/k8s.js
FN:3,parse
FNF:1
FNH:1
FNDA:14,parse
DA:2,3
DA:4,14
DA:5,14
LF:3
LH:3
BRF:0
BRH:0
end_of_record
TN:
SF:src/metadata/KubernetesMetadata.js
FN:12,(anonymous_0)
FN:30,(anonymous_1)
FN:32,(anonymous_2)
FN:33,(anonymous_3)
FN:47,(anonymous_4)
FN:69,(anonymous_5)
FN:85,(anonymous_6)
FN:87,(anonymous_7)
FN:88,(anonymous_8)
FN:89,(anonymous_9)
FN:94,(anonymous_10)
FN:95,(anonymous_11)
FN:100,(anonymous_12)
FNF:13
FNH:13
FNDA:32,(anonymous_0)
FNDA:30,(anonymous_1)
FNDA:180,(anonymous_2)
FNDA:450,(anonymous_3)
FNDA:450,(anonymous_4)
FNDA:6200,(anonymous_5)
FNDA:30,(anonymous_6)
FNDA:450,(anonymous_7)
FNDA:180,(anonymous_8)
FNDA:240,(anonymous_9)
FNDA:450,(anonymous_10)
FNDA:180,(anonymous_11)
FNDA:6200,(anonymous_12)
DA:13,32
DA:14,32
DA:31,30
DA:32,180
DA:33,450
DA:36,30
DA:37,30
DA:48,450
DA:49,450
DA:50,450
DA:51,330
DA:56,450
DA:70,6200
DA:71,6200
DA:76,6200
DA:77,6200
DA:86,30
DA:87,450
DA:89,180
DA:90,240
DA:92,180
DA:94,450
DA:96,180
DA:101,6200
DA:102,582
DA:104,5618
DA:106,270
DA:108,5348
DA:109,5348
LF:29
LH:29
BRDA:50,0,0,330
BRDA:50,0,1,120
BRDA:70,1,0,6200
BRDA:70,1,1,4126
BRDA:73,2,0,6200
BRDA:73,2,1,6200
BRDA:76,3,0,6200
BRDA:76,3,1,5328
BRDA:90,4,0,240
BRDA:90,4,1,180
BRDA:101,5,0,582
BRDA:101,5,1,5618
BRDA:101,6,0,6200
BRDA:101,6,1,5810
BRDA:104,7,0,270
BRDA:104,7,1,5348
BRF:16
BRH:16
end_of_record
TN:
SF:src/models/KubernetesComponentDefinition.js
FN:13,(anonymous_0)
FNF:1
FNH:1
FNDA:451,(anonymous_0)
DA:14,451
DA:20,451
LF:2
LH:2
BRDA:13,0,0,1
BRF:1
BRH:1
end_of_record
TN:
SF:src/models/KubernetesData.js
FN:19,(anonymous_0)
FN:39,(anonymous_1)
FN:41,(anonymous_2)
FNF:3
FNH:3
FNDA:1,(anonymous_0)
FNDA:3,(anonymous_1)
FNDA:2,(anonymous_2)
DA:20,1
DA:21,1
DA:27,1
DA:29,1
DA:32,1
DA:34,1
DA:36,1
DA:40,3
DA:41,2
DA:43,3
DA:44,2
DA:46,1
DA:52,1
LF:13
LH:13
BRDA:19,0,0,1
BRDA:19,1,0,1
BRDA:19,2,0,1
BRDA:19,2,1,1
BRDA:27,3,0,1
BRDA:43,4,0,2
BRDA:43,4,1,1
BRF:7
BRH:7
end_of_record
TN:
SF:src/models/KubernetesPlugin.js
FN:20,(anonymous_0)
FNF:1
FNH:1
FNDA:2,(anonymous_0)
DA:23,2
DA:28,2
LF:2
LH:2
BRDA:20,0,0,2
BRF:1
BRH:1
end_of_record
TN:
SF:src/parser/KubernetesListener.js
FN:13,(anonymous_0)
FN:42,(anonymous_1)
FN:54,(anonymous_2)
FN:65,(anonymous_3)
FN:81,(anonymous_4)
FN:83,(anonymous_5)
FN:86,(anonymous_6)
FN:96,(anonymous_7)
FN:111,(anonymous_8)
FN:114,(anonymous_9)
FN:117,(anonymous_10)
FN:124,(anonymous_11)
FN:146,(anonymous_12)
FN:154,(anonymous_13)
FN:158,(anonymous_14)
FN:172,(anonymous_15)
FN:176,(anonymous_16)
FN:177,(anonymous_17)
FN:195,(anonymous_18)
FN:196,(anonymous_19)
FN:199,(anonymous_20)
FN:220,(anonymous_21)
FN:221,(anonymous_22)
FN:226,(anonymous_23)
FNF:24
FNH:24
FNDA:15,(anonymous_0)
FNDA:14,(anonymous_1)
FNDA:6,(anonymous_2)
FNDA:4,(anonymous_3)
FNDA:3,(anonymous_4)
FNDA:6,(anonymous_5)
FNDA:2,(anonymous_6)
FNDA:4,(anonymous_7)
FNDA:2,(anonymous_8)
FNDA:4,(anonymous_9)
FNDA:7,(anonymous_10)
FNDA:8,(anonymous_11)
FNDA:8,(anonymous_12)
FNDA:1,(anonymous_13)
FNDA:1,(anonymous_14)
FNDA:1,(anonymous_15)
FNDA:23,(anonymous_16)
FNDA:171,(anonymous_17)
FNDA:109,(anonymous_18)
FNDA:145,(anonymous_19)
FNDA:265,(anonymous_20)
FNDA:11,(anonymous_21)
FNDA:9,(anonymous_22)
FNDA:152,(anonymous_23)
DA:19,15
DA:25,15
DA:29,15
DA:33,15
DA:43,14
DA:44,14
DA:49,14
DA:50,14
DA:52,14
DA:53,14
DA:54,14
DA:55,6
DA:66,4
DA:67,4
DA:68,2
DA:71,2
DA:72,2
DA:77,4
DA:78,4
DA:82,3
DA:83,3
DA:85,6
DA:88,2
DA:89,2
DA:92,2
DA:96,4
DA:99,2
DA:100,2
DA:101,2
DA:102,2
DA:105,6
DA:106,6
DA:108,3
DA:112,2
DA:113,2
DA:114,2
DA:115,4
DA:116,4
DA:117,7
DA:123,4
DA:124,8
DA:130,4
DA:131,4
DA:140,4
DA:143,4
DA:146,8
DA:148,4
DA:150,2
DA:151,2
DA:155,1
DA:159,1
DA:160,1
DA:161,1
DA:164,1
DA:165,1
DA:167,1
DA:173,1
DA:177,23
DA:178,171
DA:180,23
DA:183,23
DA:184,23
DA:186,23
DA:191,23
DA:192,23
DA:196,109
DA:197,145
DA:198,145
DA:199,265
DA:201,145
DA:209,145
DA:210,9
DA:211,9
DA:213,6
DA:216,145
DA:221,11
DA:222,9
DA:227,152
DA:229,59
DA:231,1
DA:234,7
DA:236,75
DA:238,9
DA:240,1
LF:84
LH:84
BRDA:13,0,0,1
BRDA:67,1,0,2
BRDA:67,1,1,2
BRDA:67,2,0,4
BRDA:67,2,1,4
BRDA:85,3,0,6
BRDA:85,3,1,3
BRDA:160,4,0,1
BRDA:160,4,1,0
BRDA:160,5,0,1
BRDA:160,5,1,1
BRDA:178,6,0,171
BRDA:178,6,1,45
BRDA:180,7,0,23
BRDA:180,7,1,6
BRDA:180,7,2,0
BRDA:199,8,0,258
BRDA:199,8,1,7
BRDA:205,9,0,82
BRDA:205,9,1,63
BRDA:205,10,0,145
BRDA:205,10,1,71
BRDA:209,11,0,9
BRDA:209,11,1,136
BRDA:209,12,0,145
BRDA:209,12,1,132
BRDA:211,13,0,6
BRDA:211,13,1,3
BRDA:213,14,0,6
BRDA:213,14,1,0
BRDA:227,15,0,59
BRDA:227,15,1,1
BRDA:227,15,2,6
BRDA:227,15,3,7
BRDA:227,15,4,75
BRDA:227,15,5,9
BRDA:227,15,6,1
BRF:37
BRH:34
end_of_record
TN:
SF:src/parser/KubernetesParser.js
FN:15,(anonymous_0)
FN:26,(anonymous_1)
FN:31,(anonymous_2)
FN:48,(anonymous_3)
FN:95,(anonymous_4)
FN:96,(anonymous_5)
FN:113,(anonymous_6)
FN:117,(anonymous_7)
FN:119,(anonymous_8)
FN:121,(anonymous_9)
FN:132,(anonymous_10)
FN:135,(anonymous_11)
FN:138,(anonymous_12)
FN:143,(anonymous_13)
FNF:14
FNH:14
FNDA:7,(anonymous_0)
FNDA:15,(anonymous_1)
FNDA:15,(anonymous_2)
FNDA:14,(anonymous_3)
FNDA:15,(anonymous_4)
FNDA:23,(anonymous_5)
FNDA:4,(anonymous_6)
FNDA:2,(anonymous_7)
FNDA:2,(anonymous_8)
FNDA:2,(anonymous_9)
FNDA:1,(anonymous_10)
FNDA:1,(anonymous_11)
FNDA:5,(anonymous_12)
FNDA:4,(anonymous_13)
DA:16,7
DA:17,7
DA:27,15
DA:28,15
DA:30,15
DA:32,15
DA:33,14
DA:35,1
DA:46,1
DA:49,14
DA:60,14
DA:62,14
DA:63,14
DA:64,14
DA:65,14
DA:66,14
DA:68,14
DA:81,14
DA:82,14
DA:83,14
DA:84,14
DA:85,14
DA:87,14
DA:88,14
DA:91,15
DA:92,15
DA:96,15
DA:97,23
DA:98,23
DA:99,4
DA:101,3
DA:102,3
DA:106,1
DA:115,4
DA:118,2
DA:119,2
DA:121,2
DA:127,2
DA:129,2
DA:130,2
DA:131,2
DA:132,1
DA:135,1
DA:139,5
DA:140,1
DA:143,4
DA:144,4
DA:145,4
LF:48
LH:48
BRDA:26,0,0,1
BRDA:26,1,0,15
BRDA:32,2,0,14
BRDA:32,2,1,1
BRDA:32,3,0,15
BRDA:32,3,1,14
BRDA:98,4,0,4
BRDA:98,4,1,19
BRDA:99,5,0,3
BRDA:99,5,1,1
BRDA:131,6,0,2
BRDA:131,6,1,1
BRDA:139,7,0,1
BRDA:139,7,1,4
BRF:14
BRH:14
end_of_record
TN:
SF:src/render/KubernetesRenderer.js
FN:17,(anonymous_0)
FN:20,(anonymous_1)
FN:21,(anonymous_2)
FN:41,(anonymous_3)
FN:59,(anonymous_4)
FN:60,(anonymous_5)
FN:81,(anonymous_6)
FN:93,(anonymous_7)
FN:102,(anonymous_8)
FN:104,(anonymous_9)
FN:112,(anonymous_10)
FN:125,(anonymous_11)
FN:133,(anonymous_12)
FN:154,(anonymous_13)
FN:157,(anonymous_14)
FN:174,(anonymous_15)
FN:220,(anonymous_16)
FN:223,(anonymous_17)
FN:225,(anonymous_18)
FN:234,(anonymous_19)
FN:240,(anonymous_20)
FN:244,(anonymous_21)
FNF:22
FNH:19
FNDA:7,(anonymous_0)
FNDA:13,(anonymous_1)
FNDA:7,(anonymous_2)
FNDA:27,(anonymous_3)
FNDA:84,(anonymous_4)
FNDA:132,(anonymous_5)
FNDA:2,(anonymous_6)
FNDA:0,(anonymous_7)
FNDA:0,(anonymous_8)
FNDA:0,(anonymous_9)
FNDA:27,(anonymous_10)
FNDA:60,(anonymous_11)
FNDA:27,(anonymous_12)
FNDA:6,(anonymous_13)
FNDA:18,(anonymous_14)
FNDA:27,(anonymous_15)
FNDA:2,(anonymous_16)
FNDA:4,(anonymous_17)
FNDA:4,(anonymous_18)
FNDA:2,(anonymous_19)
FNDA:6,(anonymous_20)
FNDA:18,(anonymous_21)
DA:18,7
DA:19,7
DA:20,13
DA:22,7
DA:32,7
DA:36,7
DA:37,7
DA:42,27
DA:43,27
DA:45,27
DA:46,10
DA:49,10
DA:53,27
DA:54,27
DA:56,27
DA:60,84
DA:61,132
DA:62,54
DA:63,78
DA:64,3
DA:65,75
DA:66,14
DA:67,2
DA:70,12
DA:72,61
DA:75,44
DA:77,132
DA:82,2
DA:83,2
DA:85,0
DA:87,0
DA:89,0
DA:94,0
DA:97,0
DA:98,0
DA:99,0
DA:101,0
DA:102,0
DA:104,0
DA:106,0
DA:107,0
DA:109,0
DA:113,27
DA:114,13
DA:120,14
DA:122,27
DA:126,60
DA:127,60
DA:134,27
DA:135,27
DA:136,20
DA:138,7
DA:142,2
DA:146,2
DA:147,2
DA:148,2
DA:150,2
DA:151,2
DA:153,2
DA:154,2
DA:155,6
DA:157,6
DA:158,18
DA:159,6
DA:162,6
DA:164,2
DA:166,1
DA:168,1
DA:169,1
DA:170,1
DA:175,27
DA:177,13
DA:181,27
DA:185,3
DA:186,3
DA:187,3
DA:188,3
DA:189,3
DA:190,3
DA:191,3
DA:193,4
DA:194,4
DA:195,4
DA:197,4
DA:198,4
DA:199,4
DA:201,4
DA:202,4
DA:203,4
DA:205,4
DA:206,4
DA:207,4
DA:208,4
DA:210,2
DA:211,2
DA:212,2
DA:214,1
DA:215,1
DA:216,1
DA:221,2
DA:222,2
DA:223,2
DA:224,4
DA:227,4
DA:228,4
DA:232,4
DA:233,2
DA:235,2
DA:236,2
DA:238,2
DA:239,2
DA:242,6
DA:244,6
DA:245,18
DA:246,6
DA:249,6
DA:252,2
DA:257,2
DA:258,2
LF:119
LH:106
BRDA:17,0,0,7
BRDA:45,1,0,10
BRDA:45,1,1,17
BRDA:61,2,0,54
BRDA:61,2,1,78
BRDA:63,3,0,3
BRDA:63,3,1,75
BRDA:65,4,0,14
BRDA:65,4,1,61
BRDA:66,5,0,2
BRDA:66,5,1,12
BRDA:72,6,0,17
BRDA:72,6,1,44
BRDA:82,7,0,2
BRDA:82,7,1,0
BRDA:85,8,0,0
BRDA:85,8,1,0
BRDA:98,9,0,0
BRDA:98,9,1,0
BRDA:106,10,0,0
BRDA:106,10,1,0
BRDA:113,11,0,13
BRDA:113,11,1,14
BRDA:116,12,0,13
BRDA:116,12,1,0
BRDA:135,13,0,20
BRDA:135,13,1,7
BRDA:138,14,0,2
BRDA:138,14,1,2
BRDA:138,14,2,2
BRDA:138,14,3,2
BRDA:138,14,4,2
BRDA:138,14,5,1
BRDA:158,15,0,6
BRDA:158,15,1,12
BRDA:175,16,0,13
BRDA:175,16,1,14
BRDA:181,17,0,2
BRDA:181,17,1,2
BRDA:181,17,2,3
BRDA:181,17,3,4
BRDA:181,17,4,4
BRDA:181,17,5,4
BRDA:181,17,6,4
BRDA:181,17,7,2
BRDA:181,17,8,1
BRDA:186,18,0,3
BRDA:186,18,1,1
BRDA:189,19,0,3
BRDA:189,19,1,0
BRDA:228,20,0,4
BRDA:228,20,1,4
BRDA:232,21,0,2
BRDA:232,21,1,2
BRDA:245,22,0,6
BRDA:245,22,1,12
BRDA:245,23,0,18
BRDA:245,23,1,12
BRDA:257,24,0,2
BRDA:257,24,1,0
BRF:60
BRH:50
end_of_record
