TN:
SF:src/index.js
FNF:0
FNH:0
LF:0
LH:0
BRF:0
BRH:0
end_of_record
TN:
SF:src/assets/metadata/index.js
FNF:0
FNH:0
LF:0
LH:0
BRF:0
BRH:0
end_of_record
TN:
SF:src/assets/metadata/apiVersions/index.js
FNF:0
FNH:0
LF:0
LH:0
BRF:0
BRH:0
end_of_record
TN:
SF:src/draw/KubernetesDrawer.js
FN:7,(anonymous_0)
FNF:1
FNH:1
FNDA:2,(anonymous_0)
DA:8,2
LF:1
LH:1
BRF:0
BRH:0
end_of_record
TN:
SF:src/lidy/k8s.js
FN:3,parse
FNF:1
FNH:1
FNDA:11,parse
DA:2,3
DA:4,11
DA:5,11
LF:3
LH:3
BRF:0
BRH:0
end_of_record
TN:
SF:src/metadata/KubernetesMetadata.js
FN:12,(anonymous_0)
FN:23,(anonymous_1)
FN:30,(anonymous_2)
FN:32,(anonymous_3)
FN:33,(anonymous_4)
FN:47,(anonymous_5)
FN:69,(anonymous_6)
FN:85,(anonymous_7)
FN:87,(anonymous_8)
FN:88,(anonymous_9)
FN:89,(anonymous_10)
FN:94,(anonymous_11)
FN:95,(anonymous_12)
FN:100,(anonymous_13)
FNF:14
FNH:13
FNDA:23,(anonymous_0)
FNDA:0,(anonymous_1)
FNDA:21,(anonymous_2)
FNDA:126,(anonymous_3)
FNDA:315,(anonymous_4)
FNDA:315,(anonymous_5)
FNDA:4346,(anonymous_6)
FNDA:21,(anonymous_7)
FNDA:315,(anonymous_8)
FNDA:126,(anonymous_9)
FNDA:168,(anonymous_10)
FNDA:315,(anonymous_11)
FNDA:126,(anonymous_12)
FNDA:4346,(anonymous_13)
DA:13,23
DA:14,23
DA:24,0
DA:31,21
DA:32,126
DA:33,315
DA:36,21
DA:37,21
DA:48,315
DA:49,315
DA:50,315
DA:51,231
DA:56,315
DA:70,4346
DA:71,4346
DA:76,4346
DA:77,4346
DA:86,21
DA:87,315
DA:89,126
DA:90,168
DA:92,126
DA:94,315
DA:96,126
DA:101,4346
DA:102,411
DA:104,3935
DA:106,189
DA:108,3746
DA:109,3746
LF:30
LH:29
BRDA:48,0,0,315
BRDA:48,0,1,0
BRDA:50,1,0,231
BRDA:50,1,1,84
BRDA:70,2,0,4346
BRDA:70,2,1,2893
BRDA:73,3,0,4346
BRDA:73,3,1,4346
BRDA:76,4,0,4346
BRDA:76,4,1,3735
BRDA:90,5,0,168
BRDA:90,5,1,126
BRDA:101,6,0,411
BRDA:101,6,1,3935
BRDA:101,7,0,4346
BRDA:101,7,1,4073
BRDA:104,8,0,189
BRDA:104,8,1,3746
BRF:18
BRH:17
end_of_record
TN:
SF:src/models/KubernetesComponentDefinition.js
FN:13,(anonymous_0)
FNF:1
FNH:1
FNDA:316,(anonymous_0)
DA:14,316
DA:20,316
LF:2
LH:2
BRDA:13,0,0,1
BRF:1
BRH:1
end_of_record
TN:
SF:src/models/KubernetesData.js
FN:19,(anonymous_0)
FN:39,(anonymous_1)
FN:41,(anonymous_2)
FNF:3
FNH:3
FNDA:1,(anonymous_0)
FNDA:3,(anonymous_1)
FNDA:2,(anonymous_2)
DA:20,1
DA:21,1
DA:27,1
DA:29,1
DA:32,1
DA:34,1
DA:36,1
DA:40,3
DA:41,2
DA:43,3
DA:44,2
DA:46,1
DA:52,1
LF:13
LH:13
BRDA:19,0,0,1
BRDA:19,1,0,1
BRDA:19,2,0,1
BRDA:19,2,1,1
BRDA:27,3,0,1
BRDA:43,4,0,2
BRDA:43,4,1,1
BRF:7
BRH:7
end_of_record
TN:
SF:src/models/KubernetesPlugin.js
FN:20,(anonymous_0)
FNF:1
FNH:1
FNDA:2,(anonymous_0)
DA:23,2
DA:28,2
LF:2
LH:2
BRDA:20,0,0,2
BRF:1
BRH:1
end_of_record
TN:
SF:src/parser/KubernetesListener.js
FN:13,(anonymous_0)
FN:42,(anonymous_1)
FN:54,(anonymous_2)
FN:65,(anonymous_3)
FN:81,(anonymous_4)
FN:83,(anonymous_5)
FN:86,(anonymous_6)
FN:96,(anonymous_7)
FN:111,(anonymous_8)
FN:114,(anonymous_9)
FN:117,(anonymous_10)
FN:124,(anonymous_11)
FN:146,(anonymous_12)
FN:154,(anonymous_13)
FN:158,(anonymous_14)
FN:170,(anonymous_15)
FN:174,(anonymous_16)
FN:175,(anonymous_17)
FN:193,(anonymous_18)
FN:194,(anonymous_19)
FN:197,(anonymous_20)
FN:218,(anonymous_21)
FN:219,(anonymous_22)
FN:224,(anonymous_23)
FN:247,(anonymous_24)
FNF:25
FNH:25
FNDA:12,(anonymous_0)
FNDA:11,(anonymous_1)
FNDA:4,(anonymous_2)
FNDA:3,(anonymous_3)
FNDA:1,(anonymous_4)
FNDA:2,(anonymous_5)
FNDA:1,(anonymous_6)
FNDA:2,(anonymous_7)
FNDA:1,(anonymous_8)
FNDA:1,(anonymous_9)
FNDA:1,(anonymous_10)
FNDA:2,(anonymous_11)
FNDA:2,(anonymous_12)
FNDA:1,(anonymous_13)
FNDA:1,(anonymous_14)
FNDA:1,(anonymous_15)
FNDA:15,(anonymous_16)
FNDA:100,(anonymous_17)
FNDA:80,(anonymous_18)
FNDA:108,(anonymous_19)
FNDA:180,(anonymous_20)
FNDA:7,(anonymous_21)
FNDA:4,(anonymous_22)
FNDA:115,(anonymous_23)
FNDA:4,(anonymous_24)
DA:19,12
DA:25,12
DA:29,12
DA:33,12
DA:43,11
DA:44,11
DA:49,11
DA:50,11
DA:52,11
DA:53,11
DA:54,11
DA:55,4
DA:66,3
DA:67,3
DA:68,1
DA:71,1
DA:72,1
DA:77,3
DA:78,3
DA:82,1
DA:83,1
DA:85,2
DA:88,1
DA:89,1
DA:92,1
DA:96,2
DA:99,1
DA:100,1
DA:101,1
DA:102,1
DA:105,2
DA:106,2
DA:108,1
DA:112,1
DA:113,1
DA:114,1
DA:115,1
DA:116,1
DA:117,1
DA:123,1
DA:124,2
DA:130,1
DA:131,1
DA:140,1
DA:143,1
DA:146,2
DA:148,1
DA:150,1
DA:151,1
DA:155,1
DA:159,1
DA:160,1
DA:161,1
DA:164,1
DA:165,1
DA:167,1
DA:171,1
DA:175,15
DA:176,100
DA:178,15
DA:181,15
DA:182,15
DA:184,15
DA:189,15
DA:190,15
DA:194,80
DA:195,108
DA:196,108
DA:197,180
DA:199,108
DA:207,108
DA:208,5
DA:209,5
DA:211,3
DA:214,108
DA:219,7
DA:220,4
DA:225,115
DA:227,41
DA:229,1
DA:232,6
DA:234,58
DA:236,8
DA:238,1
DA:248,4
LF:85
LH:85
BRDA:13,0,0,1
BRDA:67,1,0,1
BRDA:67,1,1,2
BRDA:67,2,0,3
BRDA:67,2,1,3
BRDA:85,3,0,2
BRDA:85,3,1,1
BRDA:112,4,0,1
BRDA:112,4,1,0
BRDA:160,5,0,1
BRDA:160,5,1,0
BRDA:160,6,0,1
BRDA:160,6,1,1
BRDA:176,7,0,100
BRDA:176,7,1,30
BRDA:178,8,0,15
BRDA:178,8,1,2
BRDA:178,8,2,0
BRDA:197,9,0,174
BRDA:197,9,1,6
BRDA:203,10,0,64
BRDA:203,10,1,44
BRDA:203,11,0,108
BRDA:203,11,1,51
BRDA:207,12,0,5
BRDA:207,12,1,103
BRDA:207,13,0,108
BRDA:207,13,1,100
BRDA:209,14,0,3
BRDA:209,14,1,2
BRDA:211,15,0,3
BRDA:211,15,1,0
BRDA:225,16,0,41
BRDA:225,16,1,1
BRDA:225,16,2,5
BRDA:225,16,3,6
BRDA:225,16,4,58
BRDA:225,16,5,8
BRDA:225,16,6,1
BRDA:248,17,0,0
BRDA:248,17,1,4
BRDA:248,18,0,4
BRDA:248,18,1,4
BRF:43
BRH:38
end_of_record
TN:
SF:src/parser/KubernetesParser.js
FN:15,(anonymous_0)
FN:26,(anonymous_1)
FN:31,(anonymous_2)
FN:48,(anonymous_3)
FN:95,(anonymous_4)
FN:96,(anonymous_5)
FN:114,(anonymous_6)
FN:118,(anonymous_7)
FN:120,(anonymous_8)
FN:122,(anonymous_9)
FN:133,(anonymous_10)
FN:136,(anonymous_11)
FN:139,(anonymous_12)
FN:144,(anonymous_13)
FNF:14
FNH:12
FNDA:7,(anonymous_0)
FNDA:13,(anonymous_1)
FNDA:12,(anonymous_2)
FNDA:11,(anonymous_3)
FNDA:13,(anonymous_4)
FNDA:15,(anonymous_5)
FNDA:3,(anonymous_6)
FNDA:2,(anonymous_7)
FNDA:2,(anonymous_8)
FNDA:2,(anonymous_9)
FNDA:0,(anonymous_10)
FNDA:0,(anonymous_11)
FNDA:5,(anonymous_12)
FNDA:2,(anonymous_13)
DA:16,7
DA:17,7
DA:27,13
DA:28,13
DA:30,13
DA:32,12
DA:33,11
DA:35,1
DA:46,1
DA:49,11
DA:60,11
DA:62,11
DA:63,11
DA:64,11
DA:65,11
DA:66,11
DA:68,11
DA:81,11
DA:82,11
DA:83,11
DA:84,11
DA:85,11
DA:87,11
DA:88,11
DA:91,13
DA:92,13
DA:96,13
DA:97,15
DA:98,15
DA:99,3
DA:101,2
DA:102,2
DA:106,1
DA:108,0
DA:116,3
DA:119,2
DA:120,2
DA:122,2
DA:124,2
DA:125,0
DA:128,2
DA:130,2
DA:131,2
DA:132,2
DA:133,0
DA:136,0
DA:140,5
DA:141,4
DA:144,1
DA:145,2
DA:146,2
LF:51
LH:47
BRDA:26,0,0,1
BRDA:26,1,0,13
BRDA:32,2,0,11
BRDA:32,2,1,1
BRDA:32,3,0,12
BRDA:32,3,1,11
BRDA:98,4,0,3
BRDA:98,4,1,12
BRDA:99,5,0,2
BRDA:99,5,1,1
BRDA:99,5,2,0
BRDA:124,6,0,0
BRDA:124,6,1,2
BRDA:132,7,0,2
BRDA:132,7,1,0
BRDA:140,8,0,4
BRDA:140,8,1,1
BRF:17
BRH:14
end_of_record
TN:
SF:src/render/KubernetesRenderer.js
FN:17,(anonymous_0)
FN:20,(anonymous_1)
FN:21,(anonymous_2)
FN:41,(anonymous_3)
FN:59,(anonymous_4)
FN:60,(anonymous_5)
FN:81,(anonymous_6)
FN:93,(anonymous_7)
FN:102,(anonymous_8)
FN:104,(anonymous_9)
FN:112,(anonymous_10)
FN:125,(anonymous_11)
FN:133,(anonymous_12)
FN:154,(anonymous_13)
FN:157,(anonymous_14)
FN:174,(anonymous_15)
FN:220,(anonymous_16)
FN:223,(anonymous_17)
FN:225,(anonymous_18)
FN:234,(anonymous_19)
FN:240,(anonymous_20)
FN:244,(anonymous_21)
FNF:22
FNH:0
FNDA:0,(anonymous_0)
FNDA:0,(anonymous_1)
FNDA:0,(anonymous_2)
FNDA:0,(anonymous_3)
FNDA:0,(anonymous_4)
FNDA:0,(anonymous_5)
FNDA:0,(anonymous_6)
FNDA:0,(anonymous_7)
FNDA:0,(anonymous_8)
FNDA:0,(anonymous_9)
FNDA:0,(anonymous_10)
FNDA:0,(anonymous_11)
FNDA:0,(anonymous_12)
FNDA:0,(anonymous_13)
FNDA:0,(anonymous_14)
FNDA:0,(anonymous_15)
FNDA:0,(anonymous_16)
FNDA:0,(anonymous_17)
FNDA:0,(anonymous_18)
FNDA:0,(anonymous_19)
FNDA:0,(anonymous_20)
FNDA:0,(anonymous_21)
DA:18,0
DA:19,0
DA:20,0
DA:22,0
DA:32,0
DA:36,0
DA:37,0
DA:42,0
DA:43,0
DA:45,0
DA:46,0
DA:49,0
DA:53,0
DA:54,0
DA:56,0
DA:60,0
DA:61,0
DA:62,0
DA:63,0
DA:64,0
DA:65,0
DA:66,0
DA:67,0
DA:70,0
DA:72,0
DA:75,0
DA:77,0
DA:82,0
DA:83,0
DA:85,0
DA:87,0
DA:89,0
DA:94,0
DA:97,0
DA:98,0
DA:99,0
DA:101,0
DA:102,0
DA:104,0
DA:106,0
DA:107,0
DA:109,0
DA:113,0
DA:114,0
DA:120,0
DA:122,0
DA:126,0
DA:127,0
DA:134,0
DA:135,0
DA:136,0
DA:138,0
DA:142,0
DA:146,0
DA:147,0
DA:148,0
DA:150,0
DA:151,0
DA:153,0
DA:154,0
DA:155,0
DA:157,0
DA:158,0
DA:159,0
DA:162,0
DA:164,0
DA:166,0
DA:168,0
DA:169,0
DA:170,0
DA:175,0
DA:177,0
DA:181,0
DA:185,0
DA:186,0
DA:187,0
DA:188,0
DA:189,0
DA:190,0
DA:191,0
DA:193,0
DA:194,0
DA:195,0
DA:197,0
DA:198,0
DA:199,0
DA:201,0
DA:202,0
DA:203,0
DA:205,0
DA:206,0
DA:207,0
DA:208,0
DA:210,0
DA:211,0
DA:212,0
DA:214,0
DA:215,0
DA:216,0
DA:221,0
DA:222,0
DA:223,0
DA:224,0
DA:227,0
DA:228,0
DA:232,0
DA:233,0
DA:235,0
DA:236,0
DA:238,0
DA:239,0
DA:242,0
DA:244,0
DA:245,0
DA:246,0
DA:249,0
DA:252,0
DA:257,0
DA:258,0
LF:119
LH:0
BRDA:17,0,0,0
BRDA:45,1,0,0
BRDA:45,1,1,0
BRDA:61,2,0,0
BRDA:61,2,1,0
BRDA:63,3,0,0
BRDA:63,3,1,0
BRDA:65,4,0,0
BRDA:65,4,1,0
BRDA:66,5,0,0
BRDA:66,5,1,0
BRDA:72,6,0,0
BRDA:72,6,1,0
BRDA:82,7,0,0
BRDA:82,7,1,0
BRDA:85,8,0,0
BRDA:85,8,1,0
BRDA:98,9,0,0
BRDA:98,9,1,0
BRDA:106,10,0,0
BRDA:106,10,1,0
BRDA:113,11,0,0
BRDA:113,11,1,0
BRDA:116,12,0,0
BRDA:116,12,1,0
BRDA:135,13,0,0
BRDA:135,13,1,0
BRDA:138,14,0,0
BRDA:138,14,1,0
BRDA:138,14,2,0
BRDA:138,14,3,0
BRDA:138,14,4,0
BRDA:138,14,5,0
BRDA:158,15,0,0
BRDA:158,15,1,0
BRDA:175,16,0,0
BRDA:175,16,1,0
BRDA:181,17,0,0
BRDA:181,17,1,0
BRDA:181,17,2,0
BRDA:181,17,3,0
BRDA:181,17,4,0
BRDA:181,17,5,0
BRDA:181,17,6,0
BRDA:181,17,7,0
BRDA:181,17,8,0
BRDA:186,18,0,0
BRDA:186,18,1,0
BRDA:189,19,0,0
BRDA:189,19,1,0
BRDA:228,20,0,0
BRDA:228,20,1,0
BRDA:232,21,0,0
BRDA:232,21,1,0
BRDA:245,22,0,0
BRDA:245,22,1,0
BRDA:245,23,0,0
BRDA:245,23,1,0
BRDA:257,24,0,0
BRDA:257,24,1,0
BRF:60
BRH:0
end_of_record
